0 info it worked if it ends with ok
1 verbose cli [ '/usr/local/bin/node',
1 verbose cli   '/usr/local/lib/node_modules/npm/bin/npm-cli.js',
1 verbose cli   'run-script',
1 verbose cli   'dist:osx' ]
2 info using npm@3.10.6
3 info using node@v4.4.5
4 verbose run-script [ 'predist:osx', 'dist:osx', 'postdist:osx' ]
5 info lifecycle QiniuClient@0.0.1~predist:osx: QiniuClient@0.0.1
6 silly lifecycle QiniuClient@0.0.1~predist:osx: no script for predist:osx, continuing
7 info lifecycle QiniuClient@0.0.1~dist:osx: QiniuClient@0.0.1
8 verbose lifecycle QiniuClient@0.0.1~dist:osx: unsafe-perm in lifecycle true
9 verbose lifecycle QiniuClient@0.0.1~dist:osx: PATH: /usr/local/lib/node_modules/npm/bin/node-gyp-bin:/Users/jinsihou/Project/tools/electronApp/node_modules/.bin:/opt/subversion/bin:/Library/Frameworks/Python.framework/Versions/2.7/bin:/usr/local/bin:/usr/bin:/bin:/usr/sbin:/sbin:/opt/X11/bin
10 verbose lifecycle QiniuClient@0.0.1~dist:osx: CWD: /Users/jinsihou/Project/tools/electronApp
11 silly lifecycle QiniuClient@0.0.1~dist:osx: Args: [ '-c', 'build --x64 -m --dir' ]
12 silly lifecycle QiniuClient@0.0.1~dist:osx: Returned: code: 255  signal: null
13 info lifecycle QiniuClient@0.0.1~dist:osx: Failed to exec dist:osx script
14 verbose stack Error: QiniuClient@0.0.1 dist:osx: `build --x64 -m --dir`
14 verbose stack Exit status 255
14 verbose stack     at EventEmitter.<anonymous> (/usr/local/lib/node_modules/npm/lib/utils/lifecycle.js:255:16)
14 verbose stack     at emitTwo (events.js:87:13)
14 verbose stack     at EventEmitter.emit (events.js:172:7)
14 verbose stack     at ChildProcess.<anonymous> (/usr/local/lib/node_modules/npm/lib/utils/spawn.js:40:14)
14 verbose stack     at emitTwo (events.js:87:13)
14 verbose stack     at ChildProcess.emit (events.js:172:7)
14 verbose stack     at maybeClose (internal/child_process.js:827:16)
14 verbose stack     at Process.ChildProcess._handle.onexit (internal/child_process.js:211:5)
15 verbose pkgid QiniuClient@0.0.1
16 verbose cwd /Users/jinsihou/Project/tools/electronApp
17 error Darwin 15.6.0
18 error argv "/usr/local/bin/node" "/usr/local/lib/node_modules/npm/bin/npm-cli.js" "run-script" "dist:osx"
19 error node v4.4.5
20 error npm  v3.10.6
21 error code ELIFECYCLE
22 error QiniuClient@0.0.1 dist:osx: `build --x64 -m --dir`
22 error Exit status 255
23 error Failed at the QiniuClient@0.0.1 dist:osx script 'build --x64 -m --dir'.
23 error Make sure you have the latest version of node.js and npm installed.
23 error If you do, this is most likely a problem with the QiniuClient package,
23 error not with npm itself.
23 error Tell the author that this fails on your system:
23 error     build --x64 -m --dir
23 error You can get information on how to open an issue for this project with:
23 error     npm bugs QiniuClient
23 error Or if that isn't available, you can get their info via:
23 error     npm owner ls QiniuClient
23 error There is likely additional logging output above.
24 verbose exit [ 1, true ]
